2013-02-20 14:42:27 Error: [MissingControllerException] Controller class AdminController could not be found.
Exception Attributes: array (
  'class' => 'AdminController',
  'plugin' => NULL,
)
Request URL: /cakequote/admin
Stack Trace:
#0 C:\wamp\www\cakequote\app\webroot\index.php(97): Dispatcher->dispatch(Object(CakeRequest), Object(CakeResponse))
#1 {main}
2013-02-20 15:34:11 Error: Fatal Error (4): syntax error, unexpected ';', expecting ')' in [C:\wamp\www\cakequote\app\Controller\AppController.php, line 43]
2013-02-20 15:34:11 Error: [FatalErrorException] syntax error, unexpected ';', expecting ')'
Request URL: /cakequote/
Stack Trace:
#0 C:\wamp\www\cakequote\lib\Cake\Error\ErrorHandler.php(183): ErrorHandler::handleFatalError(4, 'syntax error, u...', 'C:\wamp\www\cak...', 43)
#1 [internal function]: ErrorHandler::handleError(4, 'syntax error, u...', 'C:\wamp\www\cak...', 43, Array)
#2 C:\wamp\www\cakequote\lib\Cake\Core\App.php(926): call_user_func('ErrorHandler::h...', 4, 'syntax error, u...', 'C:\wamp\www\cak...', 43, Array)
#3 C:\wamp\www\cakequote\lib\Cake\Core\App.php(899): App::_checkFatalError()
#4 [internal function]: App::shutdown()
#5 {main}
2013-02-20 15:35:37 Error: Fatal Error (4): syntax error, unexpected ';', expecting ')' in [C:\wamp\www\cakequote\app\Controller\AppController.php, line 43]
2013-02-20 15:35:37 Error: [FatalErrorException] syntax error, unexpected ';', expecting ')'
Request URL: /cakequote/
Stack Trace:
#0 C:\wamp\www\cakequote\lib\Cake\Error\ErrorHandler.php(183): ErrorHandler::handleFatalError(4, 'syntax error, u...', 'C:\wamp\www\cak...', 43)
#1 [internal function]: ErrorHandler::handleError(4, 'syntax error, u...', 'C:\wamp\www\cak...', 43, Array)
#2 C:\wamp\www\cakequote\lib\Cake\Core\App.php(926): call_user_func('ErrorHandler::h...', 4, 'syntax error, u...', 'C:\wamp\www\cak...', 43, Array)
#3 C:\wamp\www\cakequote\lib\Cake\Core\App.php(899): App::_checkFatalError()
#4 [internal function]: App::shutdown()
#5 {main}
2013-02-20 15:51:56 Error: Fatal Error (4): syntax error, unexpected '(', expecting T_STRING or T_VARIABLE or '{' or '$' in [C:\wamp\www\cakequote\app\Controller\UsersController.php, line 30]
2013-02-20 15:51:56 Error: [FatalErrorException] syntax error, unexpected '(', expecting T_STRING or T_VARIABLE or '{' or '$'
Request URL: /cakequote/users/add
Stack Trace:
#0 C:\wamp\www\cakequote\lib\Cake\Error\ErrorHandler.php(183): ErrorHandler::handleFatalError(4, 'syntax error, u...', 'C:\wamp\www\cak...', 30)
#1 [internal function]: ErrorHandler::handleError(4, 'syntax error, u...', 'C:\wamp\www\cak...', 30, Array)
#2 C:\wamp\www\cakequote\lib\Cake\Core\App.php(926): call_user_func('ErrorHandler::h...', 4, 'syntax error, u...', 'C:\wamp\www\cak...', 30, Array)
#3 C:\wamp\www\cakequote\lib\Cake\Core\App.php(899): App::_checkFatalError()
#4 [internal function]: App::shutdown()
#5 {main}
2013-02-20 15:53:11 Error: Fatal Error (4): syntax error, unexpected '(', expecting T_STRING or T_VARIABLE or '{' or '$' in [C:\wamp\www\cakequote\app\Controller\UsersController.php, line 30]
2013-02-20 15:53:11 Error: [FatalErrorException] syntax error, unexpected '(', expecting T_STRING or T_VARIABLE or '{' or '$'
Request URL: /cakequote/users/add
Stack Trace:
#0 C:\wamp\www\cakequote\lib\Cake\Error\ErrorHandler.php(183): ErrorHandler::handleFatalError(4, 'syntax error, u...', 'C:\wamp\www\cak...', 30)
#1 [internal function]: ErrorHandler::handleError(4, 'syntax error, u...', 'C:\wamp\www\cak...', 30, Array)
#2 C:\wamp\www\cakequote\lib\Cake\Core\App.php(926): call_user_func('ErrorHandler::h...', 4, 'syntax error, u...', 'C:\wamp\www\cak...', 30, Array)
#3 C:\wamp\www\cakequote\lib\Cake\Core\App.php(899): App::_checkFatalError()
#4 [internal function]: App::shutdown()
#5 {main}
2013-02-20 15:53:41 Error: [MissingControllerException] Controller class UsersController could not be found.
Exception Attributes: array (
  'class' => 'UsersController',
  'plugin' => NULL,
)
Request URL: /cakequote/users/add
Stack Trace:
#0 C:\wamp\www\cakequote\app\webroot\index.php(97): Dispatcher->dispatch(Object(CakeRequest), Object(CakeResponse))
#1 {main}
2013-02-20 15:53:48 Error: [MissingControllerException] Controller class UsersController could not be found.
Exception Attributes: array (
  'class' => 'UsersController',
  'plugin' => NULL,
)
Request URL: /cakequote/users/add
Stack Trace:
#0 C:\wamp\www\cakequote\app\webroot\index.php(97): Dispatcher->dispatch(Object(CakeRequest), Object(CakeResponse))
#1 {main}
2013-02-20 15:53:53 Error: [MissingControllerException] Controller class UsersController could not be found.
Exception Attributes: array (
  'class' => 'UsersController',
  'plugin' => NULL,
)
Request URL: /cakequote/users/login
Stack Trace:
#0 C:\wamp\www\cakequote\app\webroot\index.php(97): Dispatcher->dispatch(Object(CakeRequest), Object(CakeResponse))
#1 {main}
2013-02-20 15:58:34 Error: Fatal Error (4): syntax error, unexpected '}' in [C:\wamp\www\cakequote\app\Model\User.php, line 69]
2013-02-20 15:58:34 Error: [FatalErrorException] syntax error, unexpected '}'
Request URL: /cakequote/users/login
Stack Trace:
#0 C:\wamp\www\cakequote\lib\Cake\Error\ErrorHandler.php(183): ErrorHandler::handleFatalError(4, 'syntax error, u...', 'C:\wamp\www\cak...', 69)
#1 [internal function]: ErrorHandler::handleError(4, 'syntax error, u...', 'C:\wamp\www\cak...', 69, Array)
#2 C:\wamp\www\cakequote\lib\Cake\Core\App.php(926): call_user_func('ErrorHandler::h...', 4, 'syntax error, u...', 'C:\wamp\www\cak...', 69, Array)
#3 C:\wamp\www\cakequote\lib\Cake\Core\App.php(899): App::_checkFatalError()
#4 [internal function]: App::shutdown()
#5 {main}
2013-02-20 16:15:56 Error: Fatal Error (4): syntax error, unexpected ')', expecting ',' or ';' in [C:\wamp\www\cakequote\app\View\Layouts\default.ctp, line 48]
2013-02-20 16:15:56 Error: [FatalErrorException] syntax error, unexpected ')', expecting ',' or ';'
Request URL: /cakequote/
Stack Trace:
#0 C:\wamp\www\cakequote\lib\Cake\Error\ErrorHandler.php(183): ErrorHandler::handleFatalError(4, 'syntax error, u...', 'C:\wamp\www\cak...', 48)
#1 [internal function]: ErrorHandler::handleError(4, 'syntax error, u...', 'C:\wamp\www\cak...', 48, Array)
#2 C:\wamp\www\cakequote\lib\Cake\Core\App.php(926): call_user_func('ErrorHandler::h...', 4, 'syntax error, u...', 'C:\wamp\www\cak...', 48, Array)
#3 C:\wamp\www\cakequote\lib\Cake\Core\App.php(899): App::_checkFatalError()
#4 [internal function]: App::shutdown()
#5 {main}
2013-02-20 16:18:45 Error: Fatal Error (4): syntax error, unexpected ';', expecting ':' in [C:\wamp\www\cakequote\app\View\Layouts\default.ctp, line 48]
2013-02-20 16:18:45 Error: [FatalErrorException] syntax error, unexpected ';', expecting ':'
Request URL: /cakequote/
Stack Trace:
#0 C:\wamp\www\cakequote\lib\Cake\Error\ErrorHandler.php(183): ErrorHandler::handleFatalError(4, 'syntax error, u...', 'C:\wamp\www\cak...', 48)
#1 [internal function]: ErrorHandler::handleError(4, 'syntax error, u...', 'C:\wamp\www\cak...', 48, Array)
#2 C:\wamp\www\cakequote\lib\Cake\Core\App.php(926): call_user_func('ErrorHandler::h...', 4, 'syntax error, u...', 'C:\wamp\www\cak...', 48, Array)
#3 C:\wamp\www\cakequote\lib\Cake\Core\App.php(899): App::_checkFatalError()
#4 [internal function]: App::shutdown()
#5 {main}
2013-02-20 16:18:55 Error: Fatal Error (4): syntax error, unexpected ';', expecting ':' in [C:\wamp\www\cakequote\app\View\Layouts\default.ctp, line 48]
2013-02-20 16:18:55 Error: [FatalErrorException] syntax error, unexpected ';', expecting ':'
Request URL: /cakequote/
Stack Trace:
#0 C:\wamp\www\cakequote\lib\Cake\Error\ErrorHandler.php(183): ErrorHandler::handleFatalError(4, 'syntax error, u...', 'C:\wamp\www\cak...', 48)
#1 [internal function]: ErrorHandler::handleError(4, 'syntax error, u...', 'C:\wamp\www\cak...', 48, Array)
#2 C:\wamp\www\cakequote\lib\Cake\Core\App.php(926): call_user_func('ErrorHandler::h...', 4, 'syntax error, u...', 'C:\wamp\www\cak...', 48, Array)
#3 C:\wamp\www\cakequote\lib\Cake\Core\App.php(899): App::_checkFatalError()
#4 [internal function]: App::shutdown()
#5 {main}
2013-02-20 16:22:33 Error: Fatal Error (4): syntax error, unexpected T_OBJECT_OPERATOR in [C:\wamp\www\cakequote\app\Controller\AppController.php, line 52]
2013-02-20 16:22:33 Error: [FatalErrorException] syntax error, unexpected T_OBJECT_OPERATOR
Request URL: /cakequote/
Stack Trace:
#0 C:\wamp\www\cakequote\lib\Cake\Error\ErrorHandler.php(183): ErrorHandler::handleFatalError(4, 'syntax error, u...', 'C:\wamp\www\cak...', 52)
#1 [internal function]: ErrorHandler::handleError(4, 'syntax error, u...', 'C:\wamp\www\cak...', 52, Array)
#2 C:\wamp\www\cakequote\lib\Cake\Core\App.php(926): call_user_func('ErrorHandler::h...', 4, 'syntax error, u...', 'C:\wamp\www\cak...', 52, Array)
#3 C:\wamp\www\cakequote\lib\Cake\Core\App.php(899): App::_checkFatalError()
#4 [internal function]: App::shutdown()
#5 {main}
